This file contains any messages produced by compilers while
running configure, to aid debugging if configure makes a mistake.

It was created by configure, which was
generated by GNU Autoconf 2.69.  Invocation command line was

  $ ./configure 

## --------- ##
## Platform. ##
## --------- ##

hostname = localhost.localdomain
uname -m = x86_64
uname -r = 4.13.0-pf2
uname -s = Linux
uname -v = #1 SMP Thu Sep 14 21:36:27 CST 2017

/usr/bin/uname -p = Intel(R) Core(TM) i7-4910MQ CPU @ 2.90GHz
/bin/uname -X     = unknown

/bin/arch              = unknown
/usr/bin/arch -k       = unknown
/usr/convex/getsysinfo = unknown
/usr/bin/hostinfo      = unknown
/bin/machine           = unknown
/usr/bin/oslevel       = unknown
/bin/universe          = unknown

PATH: /home/gyau/.rbenv/shims
PATH: /home/gyau/MDisk/Node/nvm/versions/node/v5.10.1/bin
PATH: /home/gyau/.rbenv/shims
PATH: /home/gyau/usr/lib
PATH: /home/gyau/usr/bin
PATH: /home/gyau/.rbenv/shims
PATH: /home/gyau/.rbenv/bin
PATH: /home/gyau/perl5/bin
PATH: /home/gyau/.local/bin
PATH: /home/gyau/.gvm/pkgsets/go1.6/global/overlay/bin
PATH: /home/gyau/.gvm/gos/go1.6/bin
PATH: /home/gyau/.gvm/pkgsets/go1.6/global/bin
PATH: /home/gyau/.gvm/bin
PATH: /usr/local/bin
PATH: /usr/bin
PATH: /bin
PATH: /opt/bin
PATH: /usr/x86_64-pc-linux-gnu/gcc-bin/5.4.0
PATH: /opt/android-ndk
PATH: /opt/android-ndk/toolchains/aarch64-linux-android-4.9/prebuilt/linux-x86_64/bin
PATH: /opt/android-ndk/toolchains/arm-linux-androideabi-4.9/prebuilt/linux-x86_64/bin
PATH: /opt/android-ndk/toolchains/llvm/prebuilt/linux-x86_64/bin
PATH: /opt/android-ndk/toolchains/mips64el-linux-android-4.9/prebuilt/linux-x86_64/bin
PATH: /opt/android-ndk/toolchains/mipsel-linux-android-4.9/prebuilt/linux-x86_64/bin
PATH: /opt/android-ndk/toolchains/renderscript/prebuilt/linux-x86_64/bin
PATH: /opt/android-ndk/toolchains/x86-4.9/prebuilt/linux-x86_64/bin
PATH: /opt/android-ndk/toolchains/x86_64-4.9/prebuilt/linux-x86_64/bin
PATH: /opt/android-sdk-update-manager/tools
PATH: /opt/android-sdk-update-manager/platform-tools
PATH: /opt/nvidia-cg-toolkit/bin
PATH: /usr/games/bin
PATH: /opt/vmware/bin


## ----------- ##
## Core tests. ##
## ----------- ##

configure:2355: checking for a BSD-compatible install
configure:2423: result: /usr/bin/install -c
configure:2434: checking whether build environment is sane
configure:2489: result: yes
configure:2640: checking for a thread-safe mkdir -p
configure:2679: result: /bin/mkdir -p
configure:2686: checking for gawk
configure:2702: found /usr/bin/gawk
configure:2713: result: gawk
configure:2724: checking whether make sets $(MAKE)
configure:2746: result: yes
configure:2775: checking whether make supports nested variables
configure:2792: result: yes
configure:2973: checking for gcc
configure:2989: found /usr/bin/gcc
configure:3000: result: gcc
configure:3229: checking for C compiler version
configure:3238: gcc --version >&5
gcc (Gentoo 5.4.0-r3 p1.3, pie-0.6.5) 5.4.0
Copyright (C) 2015 Free Software Foundation, Inc.
This is free software; see the source for copying conditions.  There is NO
warranty; not even for MERCHANTABILITY or FITNESS FOR A PARTICULAR PURPOSE.

configure:3249: $? = 0
configure:3238: gcc -v >&5
Using built-in specs.
COLLECT_GCC=/usr/x86_64-pc-linux-gnu/gcc-bin/5.4.0/gcc
COLLECT_LTO_WRAPPER=/usr/libexec/gcc/x86_64-pc-linux-gnu/5.4.0/lto-wrapper
Target: x86_64-pc-linux-gnu
Configured with: /home/gyau/.portage/portage/sys-devel/gcc-5.4.0-r3/work/gcc-5.4.0/configure --host=x86_64-pc-linux-gnu --build=x86_64-pc-linux-gnu --prefix=/usr --bindir=/usr/x86_64-pc-linux-gnu/gcc-bin/5.4.0 --includedir=/usr/lib/gcc/x86_64-pc-linux-gnu/5.4.0/include --datadir=/usr/share/gcc-data/x86_64-pc-linux-gnu/5.4.0 --mandir=/usr/share/gcc-data/x86_64-pc-linux-gnu/5.4.0/man --infodir=/usr/share/gcc-data/x86_64-pc-linux-gnu/5.4.0/info --with-gxx-include-dir=/usr/lib/gcc/x86_64-pc-linux-gnu/5.4.0/include/g++-v5 --with-python-dir=/share/gcc-data/x86_64-pc-linux-gnu/5.4.0/python --enable-languages=c,c++,java,fortran --enable-obsolete --enable-secureplt --disable-werror --with-system-zlib --enable-nls --without-included-gettext --enable-checking=release --with-bugurl=https://bugs.gentoo.org/ --with-pkgversion='Gentoo 5.4.0-r3 p1.3, pie-0.6.5' --enable-libstdcxx-time --enable-shared --enable-threads=posix --enable-__cxa_atexit --enable-clocale=gnu --enable-multilib --with-multilib-list=m32,m64 --disable-altivec --disable-fixed-point --enable-targets=all --enable-libgomp --disable-libmudflap --disable-libssp --disable-libcilkrts --disable-libmpx --enable-vtable-verify --enable-libvtv --enable-lto --without-isl --enable-libsanitizer
Thread model: posix
gcc version 5.4.0 (Gentoo 5.4.0-r3 p1.3, pie-0.6.5) 
configure:3249: $? = 0
configure:3238: gcc -V >&5
gcc: error: unrecognized command line option '-V'
gcc: fatal error: no input files
compilation terminated.
configure:3249: $? = 1
configure:3238: gcc -qversion >&5
gcc: error: unrecognized command line option '-qversion'
gcc: fatal error: no input files
compilation terminated.
configure:3249: $? = 1
configure:3269: checking whether the C compiler works
configure:3291: gcc    conftest.c  >&5
configure:3295: $? = 0
configure:3343: result: yes
configure:3346: checking for C compiler default output file name
configure:3348: result: a.out
configure:3354: checking for suffix of executables
configure:3361: gcc -o conftest    conftest.c  >&5
configure:3365: $? = 0
configure:3387: result: 
configure:3409: checking whether we are cross compiling
configure:3417: gcc -o conftest    conftest.c  >&5
configure:3421: $? = 0
configure:3428: ./conftest
configure:3432: $? = 0
configure:3447: result: no
configure:3452: checking for suffix of object files
configure:3474: gcc -c   conftest.c >&5
configure:3478: $? = 0
configure:3499: result: o
configure:3503: checking whether we are using the GNU C compiler
configure:3522: gcc -c   conftest.c >&5
configure:3522: $? = 0
configure:3531: result: yes
configure:3540: checking whether gcc accepts -g
configure:3560: gcc -c -g  conftest.c >&5
configure:3560: $? = 0
configure:3601: result: yes
configure:3618: checking for gcc option to accept ISO C89
configure:3681: gcc  -c -g -O2  conftest.c >&5
configure:3681: $? = 0
configure:3694: result: none needed
configure:3719: checking whether gcc understands -c and -o together
configure:3741: gcc -c conftest.c -o conftest2.o
configure:3744: $? = 0
configure:3741: gcc -c conftest.c -o conftest2.o
configure:3744: $? = 0
configure:3756: result: yes
configure:3784: checking for style of include used by make
configure:3812: result: GNU
configure:3838: checking dependency style of gcc
configure:3949: result: gcc3
configure:3993: checking build system type
configure:4007: result: x86_64-pc-linux-gnu
configure:4027: checking host system type
configure:4040: result: x86_64-pc-linux-gnu
configure:4081: checking how to print strings
configure:4108: result: printf
configure:4129: checking for a sed that does not truncate output
configure:4193: result: /bin/sed
configure:4211: checking for grep that handles long lines and -e
configure:4269: result: /bin/grep
configure:4274: checking for egrep
configure:4336: result: /bin/grep -E
configure:4341: checking for fgrep
configure:4403: result: /bin/grep -F
configure:4438: checking for ld used by gcc
configure:4505: result: /usr/x86_64-pc-linux-gnu/bin/ld
configure:4512: checking if the linker (/usr/x86_64-pc-linux-gnu/bin/ld) is GNU ld
configure:4527: result: yes
configure:4539: checking for BSD- or MS-compatible name lister (nm)
configure:4593: result: /usr/bin/nm -B
configure:4723: checking the name lister (/usr/bin/nm -B) interface
configure:4730: gcc -c -g -O2  conftest.c >&5
configure:4733: /usr/bin/nm -B "conftest.o"
configure:4736: output
0000000000000000 B some_variable
configure:4743: result: BSD nm
configure:4746: checking whether ln -s works
configure:4750: result: yes
configure:4758: checking the maximum length of command line arguments
configure:4889: result: 1572864
configure:4937: checking how to convert x86_64-pc-linux-gnu file names to x86_64-pc-linux-gnu format
configure:4977: result: func_convert_file_noop
configure:4984: checking how to convert x86_64-pc-linux-gnu file names to toolchain format
configure:5004: result: func_convert_file_noop
configure:5011: checking for /usr/x86_64-pc-linux-gnu/bin/ld option to reload object files
configure:5018: result: -r
configure:5092: checking for objdump
configure:5108: found /usr/bin/objdump
configure:5119: result: objdump
configure:5151: checking how to recognize dependent libraries
configure:5351: result: pass_all
configure:5436: checking for dlltool
configure:5466: result: no
configure:5496: checking how to associate runtime and link libraries
configure:5523: result: printf %s\n
configure:5584: checking for ar
configure:5600: found /usr/bin/ar
configure:5611: result: ar
configure:5648: checking for archiver @FILE support
configure:5665: gcc -c -g -O2  conftest.c >&5
configure:5665: $? = 0
configure:5668: ar cru libconftest.a @conftest.lst >&5
configure:5671: $? = 0
configure:5676: ar cru libconftest.a @conftest.lst >&5
ar: conftest.o: No such file or directory
configure:5679: $? = 1
configure:5691: result: @
configure:5749: checking for strip
configure:5765: found /usr/bin/strip
configure:5776: result: strip
configure:5848: checking for ranlib
configure:5864: found /usr/bin/ranlib
configure:5875: result: ranlib
configure:5977: checking command to parse /usr/bin/nm -B output from gcc object
configure:6130: gcc -c -g -O2  conftest.c >&5
configure:6133: $? = 0
configure:6137: /usr/bin/nm -B conftest.o \| sed -n -e 's/^.*[ ]\([ABCDGIRSTW][ABCDGIRSTW]*\)[ ][ ]*\([_A-Za-z][_A-Za-z0-9]*\)$/\1 \2 \2/p' | sed '/ __gnu_lto/d' \> conftest.nm
configure:6140: $? = 0
configure:6206: gcc -o conftest -g -O2   conftest.c conftstm.o >&5
configure:6209: $? = 0
configure:6247: result: ok
configure:6294: checking for sysroot
configure:6324: result: no
configure:6331: checking for a working dd
configure:6369: result: /bin/dd
configure:6373: checking how to truncate binary pipes
configure:6388: result: /bin/dd bs=4096 count=1
configure:6524: gcc -c -g -O2  conftest.c >&5
configure:6527: $? = 0
configure:6717: checking for mt
configure:6747: result: no
configure:6767: checking if : is a manifest tool
configure:6773: : '-?'
configure:6781: result: no
configure:7458: checking how to run the C preprocessor
configure:7489: gcc -E  conftest.c
configure:7489: $? = 0
configure:7503: gcc -E  conftest.c
conftest.c:11:28: fatal error: ac_nonexistent.h: No such file or directory
compilation terminated.
configure:7503: $? = 1
configure: failed program was:
| /* confdefs.h */
| #define PACKAGE_NAME ""
| #define PACKAGE_TARNAME ""
| #define PACKAGE_VERSION ""
| #define PACKAGE_STRING ""
| #define PACKAGE_BUGREPORT ""
| #define PACKAGE_URL ""
| #define PACKAGE "nautilus-terminal"
| #define VERSION "0.21"
| /* end confdefs.h.  */
| #include <ac_nonexistent.h>
configure:7528: result: gcc -E
configure:7548: gcc -E  conftest.c
configure:7548: $? = 0
configure:7562: gcc -E  conftest.c
conftest.c:11:28: fatal error: ac_nonexistent.h: No such file or directory
compilation terminated.
configure:7562: $? = 1
configure: failed program was:
| /* confdefs.h */
| #define PACKAGE_NAME ""
| #define PACKAGE_TARNAME ""
| #define PACKAGE_VERSION ""
| #define PACKAGE_STRING ""
| #define PACKAGE_BUGREPORT ""
| #define PACKAGE_URL ""
| #define PACKAGE "nautilus-terminal"
| #define VERSION "0.21"
| /* end confdefs.h.  */
| #include <ac_nonexistent.h>
configure:7591: checking for ANSI C header files
configure:7611: gcc -c -g -O2  conftest.c >&5
configure:7611: $? = 0
configure:7684: gcc -o conftest -g -O2   conftest.c  >&5
configure:7684: $? = 0
configure:7684: ./conftest
configure:7684: $? = 0
configure:7695: result: yes
configure:7708: checking for sys/types.h
configure:7708: gcc -c -g -O2  conftest.c >&5
configure:7708: $? = 0
configure:7708: result: yes
configure:7708: checking for sys/stat.h
configure:7708: gcc -c -g -O2  conftest.c >&5
configure:7708: $? = 0
configure:7708: result: yes
configure:7708: checking for stdlib.h
configure:7708: gcc -c -g -O2  conftest.c >&5
configure:7708: $? = 0
configure:7708: result: yes
configure:7708: checking for string.h
configure:7708: gcc -c -g -O2  conftest.c >&5
configure:7708: $? = 0
configure:7708: result: yes
configure:7708: checking for memory.h
configure:7708: gcc -c -g -O2  conftest.c >&5
configure:7708: $? = 0
configure:7708: result: yes
configure:7708: checking for strings.h
configure:7708: gcc -c -g -O2  conftest.c >&5
configure:7708: $? = 0
configure:7708: result: yes
configure:7708: checking for inttypes.h
configure:7708: gcc -c -g -O2  conftest.c >&5
configure:7708: $? = 0
configure:7708: result: yes
configure:7708: checking for stdint.h
configure:7708: gcc -c -g -O2  conftest.c >&5
configure:7708: $? = 0
configure:7708: result: yes
configure:7708: checking for unistd.h
configure:7708: gcc -c -g -O2  conftest.c >&5
configure:7708: $? = 0
configure:7708: result: yes
configure:7722: checking for dlfcn.h
configure:7722: gcc -c -g -O2  conftest.c >&5
configure:7722: $? = 0
configure:7722: result: yes
configure:7978: checking for objdir
configure:7993: result: .libs
configure:8253: checking if gcc supports -fno-rtti -fno-exceptions
configure:8271: gcc -c -g -O2  -fno-rtti -fno-exceptions conftest.c >&5
cc1: warning: command line option '-fno-rtti' is valid for C++/ObjC++ but not for C
configure:8275: $? = 0
configure:8288: result: no
configure:8646: checking for gcc option to produce PIC
configure:8653: result: -fPIC -DPIC
configure:8661: checking if gcc PIC flag -fPIC -DPIC works
configure:8679: gcc -c -g -O2  -fPIC -DPIC -DPIC conftest.c >&5
configure:8683: $? = 0
configure:8696: result: yes
configure:8725: checking if gcc static flag -static works
configure:8753: result: yes
configure:8768: checking if gcc supports -c -o file.o
configure:8789: gcc -c -g -O2  -o out/conftest2.o conftest.c >&5
configure:8793: $? = 0
configure:8815: result: yes
configure:8823: checking if gcc supports -c -o file.o
configure:8870: result: yes
configure:8903: checking whether the gcc linker (/usr/x86_64-pc-linux-gnu/bin/ld -m elf_x86_64) supports shared libraries
configure:10162: result: yes
configure:10199: checking whether -lc should be explicitly linked in
configure:10207: gcc -c -g -O2  conftest.c >&5
configure:10210: $? = 0
configure:10225: gcc -shared  -fPIC -DPIC conftest.o  -v -Wl,-soname -Wl,conftest -o conftest 2\>\&1 \| /bin/grep  -lc  \>/dev/null 2\>\&1
configure:10228: $? = 0
configure:10242: result: no
configure:10402: checking dynamic linker characteristics
configure:10996: gcc -o conftest -g -O2   -Wl,-rpath -Wl,/foo conftest.c  >&5
configure:10996: $? = 0
configure:11233: result: GNU/Linux ld.so
configure:11355: checking how to hardcode library paths into programs
configure:11380: result: immediate
configure:11928: checking whether stripping libraries is possible
configure:11933: result: yes
configure:11968: checking if libtool supports shared libraries
configure:11970: result: yes
configure:11973: checking whether to build shared libraries
configure:11998: result: yes
configure:12001: checking whether to build static libraries
configure:12005: result: yes
configure:12048: checking for pkg-config
configure:12064: found /usr/bin/pkg-config
configure:12076: result: yes
configure:12086: checking for pkg-config
configure:12104: found /usr/bin/pkg-config
configure:12117: result: /usr/bin/pkg-config
configure:12244: checking pkg-config is at least version 0.9.0
configure:12247: result: yes
configure:12257: checking for NAUTILUS
configure:12269: $PKG_CONFIG --exists --print-errors "
	libnautilus-extension >= $NAUTILUS_REQUIRED
	glib-2.0 >= $GLIB_REQUIRED
	gio-2.0,
	gconf-2.0
"
configure:12277: $? = 0
configure:12301: $PKG_CONFIG --exists --print-errors "
	libnautilus-extension >= $NAUTILUS_REQUIRED
	glib-2.0 >= $GLIB_REQUIRED
	gio-2.0,
	gconf-2.0
"
configure:12309: $? = 0
configure:12387: result: yes
configure:12393: checking for GCONF
configure:12400: $PKG_CONFIG --exists --print-errors "gconf-2.0"
configure:12403: $? = 0
configure:12417: $PKG_CONFIG --exists --print-errors "gconf-2.0"
configure:12420: $? = 0
configure:12478: result: yes
configure:12493: checking whether to enable maintainer-specific portions of Makefiles
configure:12502: result: yes
configure:12539: checking for gconftool-2
configure:12557: found /usr/bin/gconftool-2
configure:12570: result: /usr/bin/gconftool-2
configure:12598: result: Using config source xml:merged:/etc/gconf/gconf.xml.defaults for schema installation
configure:12613: result: Using $(sysconfdir)/gconf/schemas as install directory for schema files
configure:12647: checking locale.h usability
configure:12647: gcc -c -g -O2  conftest.c >&5
configure:12647: $? = 0
configure:12647: result: yes
configure:12647: checking locale.h presence
configure:12647: gcc -E  conftest.c
configure:12647: $? = 0
configure:12647: result: yes
configure:12647: checking for locale.h
configure:12647: result: yes
configure:12658: checking for LC_MESSAGES
configure:12674: gcc -o conftest -g -O2   conftest.c  >&5
configure:12674: $? = 0
configure:12682: result: yes
configure:12699: checking libintl.h usability
configure:12699: gcc -c -g -O2  conftest.c >&5
configure:12699: $? = 0
configure:12699: result: yes
configure:12699: checking libintl.h presence
configure:12699: gcc -E  conftest.c
configure:12699: $? = 0
configure:12699: result: yes
configure:12699: checking for libintl.h
configure:12699: result: yes
configure:12707: checking for ngettext in libc
configure:12725: gcc -o conftest -g -O2   conftest.c  >&5
configure:12725: $? = 0
configure:12734: result: yes
configure:12738: checking for dgettext in libc
configure:12756: gcc -o conftest -g -O2   conftest.c  >&5
configure:12756: $? = 0
configure:12765: result: yes
configure:12772: checking for bind_textdomain_codeset
configure:12772: gcc -o conftest -g -O2   conftest.c  >&5
configure:12772: $? = 0
configure:12772: result: yes
configure:13048: checking for msgfmt
configure:13075: result: /usr/bin/msgfmt
configure:13086: checking for dcgettext
configure:13086: gcc -o conftest -g -O2   conftest.c   >&5
conftest.c:51:6: warning: conflicting types for built-in function 'dcgettext'
 char dcgettext ();
      ^
configure:13086: $? = 0
configure:13086: result: yes
configure:13096: checking if msgfmt accepts -c
configure:13111: $MSGFMT -c -o /dev/null conftest.foo
conftest.foo:3: warning: header field 'Language' missing in header
configure:13114: $? = 0
configure:13116: result: yes
configure:13126: checking for gmsgfmt
configure:13144: found /usr/bin/gmsgfmt
configure:13157: result: /usr/bin/gmsgfmt
configure:13167: checking for xgettext
configure:13194: result: /usr/bin/xgettext
configure:13213: gcc -o conftest -g -O2   conftest.c   >&5
configure:13213: $? = 0
configure:13353: checking whether NLS is requested
configure:13362: result: yes
configure:13380: checking for intltool >= 0.35.0
configure:13382: result: 0.51.0 found
configure:13390: checking for intltool-update
configure:13408: found /usr/bin/intltool-update
configure:13420: result: /usr/bin/intltool-update
configure:13430: checking for intltool-merge
configure:13448: found /usr/bin/intltool-merge
configure:13460: result: /usr/bin/intltool-merge
configure:13470: checking for intltool-extract
configure:13488: found /usr/bin/intltool-extract
configure:13500: result: /usr/bin/intltool-extract
configure:13654: checking for xgettext
configure:13684: result: /usr/bin/xgettext
configure:13694: checking for msgmerge
configure:13712: found /usr/bin/msgmerge
configure:13724: result: /usr/bin/msgmerge
configure:13734: checking for msgfmt
configure:13764: result: /usr/bin/msgfmt
configure:13774: checking for gmsgfmt
configure:13805: result: /usr/bin/gmsgfmt
configure:13825: checking for perl
configure:13843: found /usr/bin/perl
configure:13855: result: /usr/bin/perl
configure:13866: checking for perl >= 5.8.1
configure:13873: result: 5.24.1
configure:13877: checking for XML::Parser
configure:13880: result: ok
configure:14007: checking that generated files are newer than configure
configure:14013: result: done
configure:14048: creating ./config.status

## ---------------------- ##
## Running config.status. ##
## ---------------------- ##

This file was extended by config.status, which was
generated by GNU Autoconf 2.69.  Invocation command line was

  CONFIG_FILES    = 
  CONFIG_HEADERS  = 
  CONFIG_LINKS    = 
  CONFIG_COMMANDS = 
  $ ./config.status 

on localhost.localdomain

config.status:1187: creating Makefile
config.status:1187: creating src/Makefile
config.status:1187: creating po/Makefile.in
config.status:1187: creating config.h
config.status:1368: config.h is unchanged
config.status:1416: executing depfiles commands
config.status:1416: executing libtool commands
config.status:1416: executing default-1 commands
config.status:1416: executing po/stamp-it commands

## ---------------- ##
## Cache variables. ##
## ---------------- ##

ac_cv_build=x86_64-pc-linux-gnu
ac_cv_c_compiler_gnu=yes
ac_cv_env_CC_set=
ac_cv_env_CC_value=
ac_cv_env_CFLAGS_set=
ac_cv_env_CFLAGS_value=
ac_cv_env_CPPFLAGS_set=
ac_cv_env_CPPFLAGS_value=
ac_cv_env_CPP_set=
ac_cv_env_CPP_value=
ac_cv_env_GCONF_CFLAGS_set=
ac_cv_env_GCONF_CFLAGS_value=
ac_cv_env_GCONF_LIBS_set=
ac_cv_env_GCONF_LIBS_value=
ac_cv_env_LDFLAGS_set=
ac_cv_env_LDFLAGS_value=
ac_cv_env_LIBS_set=
ac_cv_env_LIBS_value=
ac_cv_env_LT_SYS_LIBRARY_PATH_set=
ac_cv_env_LT_SYS_LIBRARY_PATH_value=
ac_cv_env_NAUTILUS_CFLAGS_set=
ac_cv_env_NAUTILUS_CFLAGS_value=
ac_cv_env_NAUTILUS_LIBS_set=
ac_cv_env_NAUTILUS_LIBS_value=
ac_cv_env_PKG_CONFIG_LIBDIR_set=
ac_cv_env_PKG_CONFIG_LIBDIR_value=
ac_cv_env_PKG_CONFIG_PATH_set=set
ac_cv_env_PKG_CONFIG_PATH_value=/home/gyau/.gvm/pkgsets/go1.6/global/overlay/lib/pkgconfig:
ac_cv_env_PKG_CONFIG_set=
ac_cv_env_PKG_CONFIG_value=
ac_cv_env_build_alias_set=
ac_cv_env_build_alias_value=
ac_cv_env_host_alias_set=
ac_cv_env_host_alias_value=
ac_cv_env_target_alias_set=
ac_cv_env_target_alias_value=
ac_cv_func_bind_textdomain_codeset=yes
ac_cv_func_dcgettext=yes
ac_cv_header_dlfcn_h=yes
ac_cv_header_inttypes_h=yes
ac_cv_header_libintl_h=yes
ac_cv_header_locale_h=yes
ac_cv_header_memory_h=yes
ac_cv_header_stdc=yes
ac_cv_header_stdint_h=yes
ac_cv_header_stdlib_h=yes
ac_cv_header_string_h=yes
ac_cv_header_strings_h=yes
ac_cv_header_sys_stat_h=yes
ac_cv_header_sys_types_h=yes
ac_cv_header_unistd_h=yes
ac_cv_host=x86_64-pc-linux-gnu
ac_cv_objext=o
ac_cv_path_EGREP='/bin/grep -E'
ac_cv_path_FGREP='/bin/grep -F'
ac_cv_path_GCONFTOOL=/usr/bin/gconftool-2
ac_cv_path_GMSGFMT=/usr/bin/gmsgfmt
ac_cv_path_GREP=/bin/grep
ac_cv_path_INTLTOOL_EXTRACT=/usr/bin/intltool-extract
ac_cv_path_INTLTOOL_MERGE=/usr/bin/intltool-merge
ac_cv_path_INTLTOOL_PERL=/usr/bin/perl
ac_cv_path_INTLTOOL_UPDATE=/usr/bin/intltool-update
ac_cv_path_MSGFMT=/usr/bin/msgfmt
ac_cv_path_MSGMERGE=/usr/bin/msgmerge
ac_cv_path_PKG_CONFIG=/usr/bin/pkg-config
ac_cv_path_SED=/bin/sed
ac_cv_path_XGETTEXT=/usr/bin/xgettext
ac_cv_path_install='/usr/bin/install -c'
ac_cv_path_lt_DD=/bin/dd
ac_cv_path_mkdir=/bin/mkdir
ac_cv_prog_AWK=gawk
ac_cv_prog_CPP='gcc -E'
ac_cv_prog_HAVE_PKGCONFIG=yes
ac_cv_prog_ac_ct_AR=ar
ac_cv_prog_ac_ct_CC=gcc
ac_cv_prog_ac_ct_OBJDUMP=objdump
ac_cv_prog_ac_ct_RANLIB=ranlib
ac_cv_prog_ac_ct_STRIP=strip
ac_cv_prog_cc_c89=
ac_cv_prog_cc_g=yes
ac_cv_prog_make_make_set=yes
am_cv_CC_dependencies_compiler_type=gcc3
am_cv_make_support_nested_variables=yes
am_cv_prog_cc_c_o=yes
am_cv_val_LC_MESSAGES=yes
gt_cv_func_dgettext_libc=yes
gt_cv_func_dgettext_libintl=no
gt_cv_func_ngettext_libc=yes
gt_cv_have_gettext=yes
lt_cv_ar_at_file=@
lt_cv_archive_cmds_need_lc=no
lt_cv_deplibs_check_method=pass_all
lt_cv_file_magic_cmd='$MAGIC_CMD'
lt_cv_file_magic_test_file=
lt_cv_ld_reload_flag=-r
lt_cv_nm_interface='BSD nm'
lt_cv_objdir=.libs
lt_cv_path_LD=/usr/x86_64-pc-linux-gnu/bin/ld
lt_cv_path_NM='/usr/bin/nm -B'
lt_cv_path_mainfest_tool=no
lt_cv_prog_compiler_c_o=yes
lt_cv_prog_compiler_pic='-fPIC -DPIC'
lt_cv_prog_compiler_pic_works=yes
lt_cv_prog_compiler_rtti_exceptions=no
lt_cv_prog_compiler_static_works=yes
lt_cv_prog_gnu_ld=yes
lt_cv_sharedlib_from_linklib_cmd='printf %s\n'
lt_cv_shlibpath_overrides_runpath=yes
lt_cv_sys_global_symbol_pipe='sed -n -e '\''s/^.*[	 ]\([ABCDGIRSTW][ABCDGIRSTW]*\)[	 ][	 ]*\([_A-Za-z][_A-Za-z0-9]*\)$/\1 \2 \2/p'\'' | sed '\''/ __gnu_lto/d'\'''
lt_cv_sys_global_symbol_to_c_name_address='sed -n -e '\''s/^: \(.*\) .*$/  {"\1", (void *) 0},/p'\'' -e '\''s/^[ABCDGIRSTW][ABCDGIRSTW]* .* \(.*\)$/  {"\1", (void *) \&\1},/p'\'''
lt_cv_sys_global_symbol_to_c_name_address_lib_prefix='sed -n -e '\''s/^: \(.*\) .*$/  {"\1", (void *) 0},/p'\'' -e '\''s/^[ABCDGIRSTW][ABCDGIRSTW]* .* \(lib.*\)$/  {"\1", (void *) \&\1},/p'\'' -e '\''s/^[ABCDGIRSTW][ABCDGIRSTW]* .* \(.*\)$/  {"lib\1", (void *) \&\1},/p'\'''
lt_cv_sys_global_symbol_to_cdecl='sed -n -e '\''s/^T .* \(.*\)$/extern int \1();/p'\'' -e '\''s/^[ABCDGIRSTW][ABCDGIRSTW]* .* \(.*\)$/extern char \1;/p'\'''
lt_cv_sys_global_symbol_to_import=
lt_cv_sys_max_cmd_len=1572864
lt_cv_to_host_file_cmd=func_convert_file_noop
lt_cv_to_tool_file_cmd=func_convert_file_noop
lt_cv_truncate_bin='/bin/dd bs=4096 count=1'
pkg_cv_GCONF_CFLAGS='-pthread -I/usr/include/gconf/2 -I/usr/include/dbus-1.0 -I/usr/lib64/dbus-1.0/include -I/usr/include/glib-2.0 -I/usr/lib64/glib-2.0/include '
pkg_cv_GCONF_LIBS='-lgconf-2 -lglib-2.0 '
pkg_cv_NAUTILUS_CFLAGS='-pthread -I/usr/include/nautilus -I/usr/include/gtk-3.0 -I/usr/include/at-spi2-atk/2.0 -I/usr/include/at-spi-2.0 -I/usr/include/gtk-3.0 -I/usr/include/gio-unix-2.0/ -I/usr/include/cairo -I/usr/include/pango-1.0 -I/usr/include/harfbuzz -I/usr/include/pango-1.0 -I/usr/include/atk-1.0 -I/usr/include/cairo -I/usr/include/pixman-1 -I/usr/include/freetype2 -I/usr/include/libdrm -I/usr/include/gdk-pixbuf-2.0 -I/usr/include/libpng16 -I/usr/include/gconf/2 -I/usr/include/dbus-1.0 -I/usr/lib64/dbus-1.0/include -I/usr/include/glib-2.0 -I/usr/lib64/glib-2.0/include '
pkg_cv_NAUTILUS_LIBS='-lnautilus-extension -lgtk-3 -lgdk-3 -lpangocairo-1.0 -lpango-1.0 -latk-1.0 -lcairo-gobject -lcairo -lgdk_pixbuf-2.0 -lgio-2.0 -lgobject-2.0 -lgconf-2 -lglib-2.0 '

## ----------------- ##
## Output variables. ##
## ----------------- ##

ACLOCAL='${SHELL} /home/gyau/Testing/nautilus/nautilus-terminal/missing aclocal-1.15'
ALL_LINGUAS=''
AMDEPBACKSLASH='\'
AMDEP_FALSE='#'
AMDEP_TRUE=''
AMTAR='$${TAR-tar}'
AM_BACKSLASH='\'
AM_DEFAULT_V='$(AM_DEFAULT_VERBOSITY)'
AM_DEFAULT_VERBOSITY='1'
AM_V='$(V)'
AR='ar'
AUTOCONF='${SHELL} /home/gyau/Testing/nautilus/nautilus-terminal/missing autoconf'
AUTOHEADER='${SHELL} /home/gyau/Testing/nautilus/nautilus-terminal/missing autoheader'
AUTOMAKE='${SHELL} /home/gyau/Testing/nautilus/nautilus-terminal/missing automake-1.15'
AWK='gawk'
CATALOGS=''
CATOBJEXT='.gmo'
CC='gcc'
CCDEPMODE='depmode=gcc3'
CFLAGS='-g -O2'
CPP='gcc -E'
CPPFLAGS=''
CYGPATH_W='echo'
DATADIRNAME='share'
DEFS='-DHAVE_CONFIG_H'
DEPDIR='.deps'
DISABLE_DEPRECATED=' -DGCONF_DISABLE_DEPRECATED -DGCONF_DISABLE_SINGLE_INCLUDES -DBONOBO_DISABLE_DEPRECATED -DBONOBO_DISABLE_SINGLE_INCLUDES -DBONOBO_UI_DISABLE_DEPRECATED -DBONOBO_UI_DISABLE_SINGLE_INCLUDES -DGNOME_DISABLE_DEPRECATED -DGNOME_DISABLE_SINGLE_INCLUDES -DLIBGLADE_DISABLE_DEPRECATED -DLIBGLADE_DISABLE_SINGLE_INCLUDES -DGNOME_VFS_DISABLE_DEPRECATED -DGNOME_VFS_DISABLE_SINGLE_INCLUDES -DWNCK_DISABLE_DEPRECATED -DWNCK_DISABLE_SINGLE_INCLUDES -DLIBSOUP_DISABLE_DEPRECATED -DLIBSOUP_DISABLE_SINGLE_INCLUDES'
DLLTOOL='false'
DSYMUTIL=''
DUMPBIN=''
ECHO_C=''
ECHO_N='-n'
ECHO_T=''
EGREP='/bin/grep -E'
EXEEXT=''
FGREP='/bin/grep -F'
GCONFTOOL='/usr/bin/gconftool-2'
GCONF_CFLAGS='-pthread -I/usr/include/gconf/2 -I/usr/include/dbus-1.0 -I/usr/lib64/dbus-1.0/include -I/usr/include/glib-2.0 -I/usr/lib64/glib-2.0/include '
GCONF_LIBS='-lgconf-2 -lglib-2.0 '
GCONF_SCHEMAS_INSTALL_FALSE='#'
GCONF_SCHEMAS_INSTALL_TRUE=''
GCONF_SCHEMA_CONFIG_SOURCE='xml:merged:/etc/gconf/gconf.xml.defaults'
GCONF_SCHEMA_FILE_DIR='$(sysconfdir)/gconf/schemas'
GETTEXT_PACKAGE='nautilus-terminal'
GMOFILES=''
GMSGFMT='/usr/bin/gmsgfmt'
GREP='/bin/grep'
HAVE_PKGCONFIG='yes'
INSTALL_DATA='${INSTALL} -m 644'
INSTALL_PROGRAM='${INSTALL}'
INSTALL_SCRIPT='${INSTALL}'
INSTALL_STRIP_PROGRAM='$(install_sh) -c -s'
INSTOBJEXT='.mo'
INTLLIBS=''
INTLTOOL_CAVES_RULE='%.caves:     %.caves.in     $(INTLTOOL_MERGE) $(wildcard $(top_srcdir)/po/*.po) ; $(INTLTOOL_V_MERGE)LC_ALL=C $(INTLTOOL_MERGE) $(INTLTOOL_V_MERGE_OPTIONS) -d -u -c $(top_builddir)/po/.intltool-merge-cache $(top_srcdir)/po $< $@'
INTLTOOL_DESKTOP_RULE='%.desktop:   %.desktop.in   $(INTLTOOL_MERGE) $(wildcard $(top_srcdir)/po/*.po) ; $(INTLTOOL_V_MERGE)LC_ALL=C $(INTLTOOL_MERGE) $(INTLTOOL_V_MERGE_OPTIONS) -d -u -c $(top_builddir)/po/.intltool-merge-cache $(top_srcdir)/po $< $@'
INTLTOOL_DIRECTORY_RULE='%.directory: %.directory.in $(INTLTOOL_MERGE) $(wildcard $(top_srcdir)/po/*.po) ; $(INTLTOOL_V_MERGE)LC_ALL=C $(INTLTOOL_MERGE) $(INTLTOOL_V_MERGE_OPTIONS) -d -u -c $(top_builddir)/po/.intltool-merge-cache $(top_srcdir)/po $< $@'
INTLTOOL_EXTRACT='/usr/bin/intltool-extract'
INTLTOOL_KBD_RULE='%.kbd:       %.kbd.in       $(INTLTOOL_MERGE) $(wildcard $(top_srcdir)/po/*.po) ; $(INTLTOOL_V_MERGE)LC_ALL=C $(INTLTOOL_MERGE) $(INTLTOOL_V_MERGE_OPTIONS) -x -u -m -c $(top_builddir)/po/.intltool-merge-cache $(top_srcdir)/po $< $@'
INTLTOOL_KEYS_RULE='%.keys:      %.keys.in      $(INTLTOOL_MERGE) $(wildcard $(top_srcdir)/po/*.po) ; $(INTLTOOL_V_MERGE)LC_ALL=C $(INTLTOOL_MERGE) $(INTLTOOL_V_MERGE_OPTIONS) -k -u -c $(top_builddir)/po/.intltool-merge-cache $(top_srcdir)/po $< $@'
INTLTOOL_MERGE='/usr/bin/intltool-merge'
INTLTOOL_OAF_RULE='%.oaf:       %.oaf.in       $(INTLTOOL_MERGE) $(wildcard $(top_srcdir)/po/*.po) ; $(INTLTOOL_V_MERGE)LC_ALL=C $(INTLTOOL_MERGE) $(INTLTOOL_V_MERGE_OPTIONS) -o -p $(top_srcdir)/po $< $@'
INTLTOOL_PERL='/usr/bin/perl'
INTLTOOL_POLICY_RULE='%.policy:    %.policy.in    $(INTLTOOL_MERGE) $(wildcard $(top_srcdir)/po/*.po) ; $(INTLTOOL_V_MERGE)LC_ALL=C $(INTLTOOL_MERGE) $(INTLTOOL_V_MERGE_OPTIONS) -x -u -c $(top_builddir)/po/.intltool-merge-cache $(top_srcdir)/po $< $@'
INTLTOOL_PONG_RULE='%.pong:      %.pong.in      $(INTLTOOL_MERGE) $(wildcard $(top_srcdir)/po/*.po) ; $(INTLTOOL_V_MERGE)LC_ALL=C $(INTLTOOL_MERGE) $(INTLTOOL_V_MERGE_OPTIONS) -x -u -c $(top_builddir)/po/.intltool-merge-cache $(top_srcdir)/po $< $@'
INTLTOOL_PROP_RULE='%.prop:      %.prop.in      $(INTLTOOL_MERGE) $(wildcard $(top_srcdir)/po/*.po) ; $(INTLTOOL_V_MERGE)LC_ALL=C $(INTLTOOL_MERGE) $(INTLTOOL_V_MERGE_OPTIONS) -d -u -c $(top_builddir)/po/.intltool-merge-cache $(top_srcdir)/po $< $@'
INTLTOOL_SCHEMAS_RULE='%.schemas:   %.schemas.in   $(INTLTOOL_MERGE) $(wildcard $(top_srcdir)/po/*.po) ; $(INTLTOOL_V_MERGE)LC_ALL=C $(INTLTOOL_MERGE) $(INTLTOOL_V_MERGE_OPTIONS) -s -u -c $(top_builddir)/po/.intltool-merge-cache $(top_srcdir)/po $< $@'
INTLTOOL_SERVER_RULE='%.server:    %.server.in    $(INTLTOOL_MERGE) $(wildcard $(top_srcdir)/po/*.po) ; $(INTLTOOL_V_MERGE)LC_ALL=C $(INTLTOOL_MERGE) $(INTLTOOL_V_MERGE_OPTIONS) -o -u -c $(top_builddir)/po/.intltool-merge-cache $(top_srcdir)/po $< $@'
INTLTOOL_SERVICE_RULE='%.service: %.service.in   $(INTLTOOL_MERGE) $(wildcard $(top_srcdir)/po/*.po) ; $(INTLTOOL_V_MERGE)LC_ALL=C $(INTLTOOL_MERGE) $(INTLTOOL_V_MERGE_OPTIONS) -d -u -c $(top_builddir)/po/.intltool-merge-cache $(top_srcdir)/po $< $@'
INTLTOOL_SHEET_RULE='%.sheet:     %.sheet.in     $(INTLTOOL_MERGE) $(wildcard $(top_srcdir)/po/*.po) ; $(INTLTOOL_V_MERGE)LC_ALL=C $(INTLTOOL_MERGE) $(INTLTOOL_V_MERGE_OPTIONS) -x -u -c $(top_builddir)/po/.intltool-merge-cache $(top_srcdir)/po $< $@'
INTLTOOL_SOUNDLIST_RULE='%.soundlist: %.soundlist.in $(INTLTOOL_MERGE) $(wildcard $(top_srcdir)/po/*.po) ; $(INTLTOOL_V_MERGE)LC_ALL=C $(INTLTOOL_MERGE) $(INTLTOOL_V_MERGE_OPTIONS) -d -u -c $(top_builddir)/po/.intltool-merge-cache $(top_srcdir)/po $< $@'
INTLTOOL_THEME_RULE='%.theme:     %.theme.in     $(INTLTOOL_MERGE) $(wildcard $(top_srcdir)/po/*.po) ; $(INTLTOOL_V_MERGE)LC_ALL=C $(INTLTOOL_MERGE) $(INTLTOOL_V_MERGE_OPTIONS) -d -u -c $(top_builddir)/po/.intltool-merge-cache $(top_srcdir)/po $< $@'
INTLTOOL_UI_RULE='%.ui:        %.ui.in        $(INTLTOOL_MERGE) $(wildcard $(top_srcdir)/po/*.po) ; $(INTLTOOL_V_MERGE)LC_ALL=C $(INTLTOOL_MERGE) $(INTLTOOL_V_MERGE_OPTIONS) -x -u -c $(top_builddir)/po/.intltool-merge-cache $(top_srcdir)/po $< $@'
INTLTOOL_UPDATE='/usr/bin/intltool-update'
INTLTOOL_V_MERGE='$(INTLTOOL__v_MERGE_$(V))'
INTLTOOL_V_MERGE_OPTIONS='$(intltool__v_merge_options_$(V))'
INTLTOOL_XAM_RULE='%.xam:       %.xml.in       $(INTLTOOL_MERGE) $(wildcard $(top_srcdir)/po/*.po) ; $(INTLTOOL_V_MERGE)LC_ALL=C $(INTLTOOL_MERGE) $(INTLTOOL_V_MERGE_OPTIONS) -x -u -c $(top_builddir)/po/.intltool-merge-cache $(top_srcdir)/po $< $@'
INTLTOOL_XML_NOMERGE_RULE='%.xml:       %.xml.in       $(INTLTOOL_MERGE) ; $(INTLTOOL_V_MERGE)LC_ALL=C $(INTLTOOL_MERGE) $(INTLTOOL_V_MERGE_OPTIONS) -x -u --no-translations $< $@'
INTLTOOL_XML_RULE='%.xml:       %.xml.in       $(INTLTOOL_MERGE) $(wildcard $(top_srcdir)/po/*.po) ; $(INTLTOOL_V_MERGE)LC_ALL=C $(INTLTOOL_MERGE) $(INTLTOOL_V_MERGE_OPTIONS) -x -u -c $(top_builddir)/po/.intltool-merge-cache $(top_srcdir)/po $< $@'
INTLTOOL__v_MERGE_0='@echo "  ITMRG " $@;'
INTLTOOL__v_MERGE_='$(INTLTOOL__v_MERGE_$(AM_DEFAULT_VERBOSITY))'
LD='/usr/x86_64-pc-linux-gnu/bin/ld -m elf_x86_64'
LDFLAGS=''
LIBOBJS=''
LIBS=''
LIBTOOL='$(SHELL) $(top_builddir)/libtool'
LIPO=''
LN_S='ln -s'
LTLIBOBJS=''
LT_SYS_LIBRARY_PATH=''
MAINT=''
MAINTAINER_MODE_FALSE='#'
MAINTAINER_MODE_TRUE=''
MAKEINFO='${SHELL} /home/gyau/Testing/nautilus/nautilus-terminal/missing makeinfo'
MANIFEST_TOOL=':'
MKDIR_P='/bin/mkdir -p'
MKINSTALLDIRS='./mkinstalldirs'
MSGFMT='/usr/bin/msgfmt'
MSGFMT_OPTS='-c'
MSGMERGE='/usr/bin/msgmerge'
NAUTILUS_CFLAGS='-pthread -I/usr/include/nautilus -I/usr/include/gtk-3.0 -I/usr/include/at-spi2-atk/2.0 -I/usr/include/at-spi-2.0 -I/usr/include/gtk-3.0 -I/usr/include/gio-unix-2.0/ -I/usr/include/cairo -I/usr/include/pango-1.0 -I/usr/include/harfbuzz -I/usr/include/pango-1.0 -I/usr/include/atk-1.0 -I/usr/include/cairo -I/usr/include/pixman-1 -I/usr/include/freetype2 -I/usr/include/libdrm -I/usr/include/gdk-pixbuf-2.0 -I/usr/include/libpng16 -I/usr/include/gconf/2 -I/usr/include/dbus-1.0 -I/usr/lib64/dbus-1.0/include -I/usr/include/glib-2.0 -I/usr/lib64/glib-2.0/include '
NAUTILUS_EXTENSION_DIR='/usr/lib64/nautilus/extensions-3.0'
NAUTILUS_LIBS='-lnautilus-extension -lgtk-3 -lgdk-3 -lpangocairo-1.0 -lpango-1.0 -latk-1.0 -lcairo-gobject -lcairo -lgdk_pixbuf-2.0 -lgio-2.0 -lgobject-2.0 -lgconf-2 -lglib-2.0 '
NM='/usr/bin/nm -B'
NMEDIT=''
OBJDUMP='objdump'
OBJEXT='o'
OTOOL64=''
OTOOL=''
PACKAGE='nautilus-terminal'
PACKAGE_BUGREPORT=''
PACKAGE_NAME=''
PACKAGE_STRING=''
PACKAGE_TARNAME=''
PACKAGE_URL=''
PACKAGE_VERSION=''
PATH_SEPARATOR=':'
PKG_CONFIG='/usr/bin/pkg-config'
PKG_CONFIG_LIBDIR=''
PKG_CONFIG_PATH='/home/gyau/.gvm/pkgsets/go1.6/global/overlay/lib/pkgconfig:'
POFILES=''
POSUB='po'
PO_IN_DATADIR_FALSE=''
PO_IN_DATADIR_TRUE=''
RANLIB='ranlib'
SED='/bin/sed'
SET_MAKE=''
SHELL='/bin/sh'
STRIP='strip'
USE_NLS='yes'
VERSION='0.21'
XGETTEXT='/usr/bin/xgettext'
ac_ct_AR='ar'
ac_ct_CC='gcc'
ac_ct_DUMPBIN=''
am__EXEEXT_FALSE=''
am__EXEEXT_TRUE='#'
am__fastdepCC_FALSE='#'
am__fastdepCC_TRUE=''
am__include='include'
am__isrc=''
am__leading_dot='.'
am__nodep='_no'
am__quote=''
am__tar='$${TAR-tar} chof - "$$tardir"'
am__untar='$${TAR-tar} xf -'
bindir='${exec_prefix}/bin'
build='x86_64-pc-linux-gnu'
build_alias=''
build_cpu='x86_64'
build_os='linux-gnu'
build_vendor='pc'
datadir='${datarootdir}'
datarootdir='${prefix}/share'
docdir='${datarootdir}/doc/${PACKAGE}'
dvidir='${docdir}'
exec_prefix='${prefix}'
host='x86_64-pc-linux-gnu'
host_alias=''
host_cpu='x86_64'
host_os='linux-gnu'
host_vendor='pc'
htmldir='${docdir}'
includedir='${prefix}/include'
infodir='${datarootdir}/info'
install_sh='${SHELL} /home/gyau/Testing/nautilus/nautilus-terminal/install-sh'
intltool__v_merge_options_0='-q'
intltool__v_merge_options_='$(intltool__v_merge_options_$(AM_DEFAULT_VERBOSITY))'
libdir='${exec_prefix}/lib'
libexecdir='${exec_prefix}/libexec'
localedir='${datarootdir}/locale'
localstatedir='${prefix}/var'
mandir='${datarootdir}/man'
mkdir_p='$(MKDIR_P)'
oldincludedir='/usr/include'
pdfdir='${docdir}'
prefix='/usr/local'
program_transform_name='s,x,x,'
psdir='${docdir}'
sbindir='${exec_prefix}/sbin'
sharedstatedir='${prefix}/com'
sysconfdir='${prefix}/etc'
target_alias=''

## ----------- ##
## confdefs.h. ##
## ----------- ##

/* confdefs.h */
#define PACKAGE_NAME ""
#define PACKAGE_TARNAME ""
#define PACKAGE_VERSION ""
#define PACKAGE_STRING ""
#define PACKAGE_BUGREPORT ""
#define PACKAGE_URL ""
#define PACKAGE "nautilus-terminal"
#define VERSION "0.21"
#define STDC_HEADERS 1
#define HAVE_SYS_TYPES_H 1
#define HAVE_SYS_STAT_H 1
#define HAVE_STDLIB_H 1
#define HAVE_STRING_H 1
#define HAVE_MEMORY_H 1
#define HAVE_STRINGS_H 1
#define HAVE_INTTYPES_H 1
#define HAVE_STDINT_H 1
#define HAVE_UNISTD_H 1
#define HAVE_DLFCN_H 1
#define LT_OBJDIR ".libs/"
#define GETTEXT_PACKAGE "nautilus-terminal"
#define HAVE_LOCALE_H 1
#define HAVE_LC_MESSAGES 1
#define HAVE_BIND_TEXTDOMAIN_CODESET 1
#define HAVE_GETTEXT 1
#define HAVE_DCGETTEXT 1
#define ENABLE_NLS 1

configure: exit 0

## ---------------------- ##
## Running config.status. ##
## ---------------------- ##

This file was extended by config.status, which was
generated by GNU Autoconf 2.69.  Invocation command line was

  CONFIG_FILES    = 
  CONFIG_HEADERS  = 
  CONFIG_LINKS    = 
  CONFIG_COMMANDS = 
  $ ./config.status Makefile

on localhost.localdomain

config.status:1187: creating Makefile

## ---------------------- ##
## Running config.status. ##
## ---------------------- ##

This file was extended by config.status, which was
generated by GNU Autoconf 2.69.  Invocation command line was

  CONFIG_FILES    = 
  CONFIG_HEADERS  = 
  CONFIG_LINKS    = 
  CONFIG_COMMANDS = 
  $ ./config.status config.h

on localhost.localdomain

config.status:1187: creating config.h
config.status:1368: config.h is unchanged

## ---------------------- ##
## Running config.status. ##
## ---------------------- ##

This file was extended by config.status, which was
generated by GNU Autoconf 2.69.  Invocation command line was

  CONFIG_FILES    = 
  CONFIG_HEADERS  = 
  CONFIG_LINKS    = 
  CONFIG_COMMANDS = 
  $ ./config.status src/Makefile depfiles

on localhost.localdomain

config.status:1187: creating src/Makefile
config.status:1416: executing depfiles commands
